This file contains any messages produced by compilers while
running configure, to aid debugging if configure makes a mistake.

It was created by maleo configure 0.1.0, which was
generated by GNU Autoconf 2.69.  Invocation command line was

  $ ./configure --enable-maintainer-mode

## --------- ##
## Platform. ##
## --------- ##

hostname = bunglon
uname -m = x86_64
uname -r = 4.1.34-33-default
uname -s = Linux
uname -v = #1 SMP PREEMPT Thu Oct 20 08:03:29 UTC 2016 (fe18aba)

/usr/bin/uname -p = x86_64
/bin/uname -X     = unknown

/bin/arch              = x86_64
/usr/bin/arch -k       = unknown
/usr/convex/getsysinfo = unknown
/usr/bin/hostinfo      = unknown
/bin/machine           = unknown
/usr/bin/oslevel       = unknown
/bin/universe          = unknown

PATH: /home/hahn/bin
PATH: /usr/local/bin
PATH: /home/hahn/bin
PATH: /usr/local/bin
PATH: /usr/bin
PATH: /bin
PATH: /usr/bin/X11
PATH: /usr/games
PATH: /home/hahn/program/android-sdk-linux
PATH: /home/hahn/program/android-sdk-linux/sdk/tools
PATH: /home/hahn/program/android-sdk-linux/platform-tools
PATH: /home/hahn/program/android-sdk-linux/ndk-bundle
PATH: /home/hahn/program/android-studio-141/bin
PATH: /usr/java/latest


## ----------- ##
## Core tests. ##
## ----------- ##

configure:2240: loading site script /usr/share/site/x86_64-unknown-linux-gnu
| #!/bin/sh
| # Site script for configure. It is resourced via $CONFIG_SITE environment varaible.
| 
| # If user did not specify libdir, guess the correct target:
| # Use lib64 for 64 bit bi-arch targets, keep the default for the rest.
| if test "$libdir" = '${exec_prefix}/lib' ; then
| 
| 	ac_config_site_64bit_host=NONE
| 
| 	case "$host" in
| 	"" )
| 		# User did not specify host target.
| 		# The native platform x86_64 is a bi-arch platform.
| 		# Try to detect cross-compilation to inferior architecture.
| 
| 		# We are trying to guess 32-bit target compilation. It's not as easy as
| 		# it sounds, as there is possible several intermediate combinations.
| 		ac_config_site_cross_to_32bit_host=NONE
| 
| 		# User defined -m32 in CFLAGS or CXXFLAGS or CC or CXX:
| 		# (It's sufficient for 32-bit, but alone may cause mis-behavior of some checks.)
| 		case "$CFLAGS $CXXFLAGS $CC $CXX" in
| 		*-m32*)
| 			ac_config_site_cross_to_32bit_host=YES
| 			;;
| 		esac
| 
| 		# Running with linux32:
| 		# (Changes detected platform, but not the toolchain target.)
| 		case "`/bin/uname -i`" in
| 		x86_64 | ppc64 | s390x )
| 			;;
| 		* )
| 			ac_config_site_cross_to_32bit_host=YES
| 			;;
| 		esac
| 
| 		if test "x$ac_config_site_cross_to_32bit_host" = xNONE; then
| 			ac_config_site_64bit_host=YES
| 		fi
| 
| 		;;
| 	*x86_64* | *ppc64* | *s390x* )
| 		ac_config_site_64bit_host=YES
| 		;;
| 	esac
| 
| 	if test "x$ac_config_site_64bit_host" = xYES; then
| 		libdir='${exec_prefix}/lib64'
| 	fi
| fi
| 
| # If user did not specify libexecdir, set the correct target:
| # Nor FHS nor openSUSE allow prefix/libexec. Let's default to prefix/lib.
| 
| if test "$libexecdir" = '${exec_prefix}/libexec' ; then
| 	libexecdir='${exec_prefix}/lib'
| fi
| 
| # Continue with the standard behavior of configure defined in AC_SITE_LOAD:
| if test "x$prefix" != xNONE; then
| 	ac_site_file1=$prefix/share/config.site
| 	ac_site_file2=$prefix/etc/config.site
| else
| 	ac_site_file1=$ac_default_prefix/share/config.site
| 	ac_site_file2=$ac_default_prefix/etc/config.site
| fi
| for ac_site_file in "$ac_site_file1" "$ac_site_file2"
| do
| 	test "x$ac_site_file" = xNONE && continue
| 	if test /dev/null != "$ac_site_file" && test -r "$ac_site_file"; then
| 		{ $as_echo "/usr/share/site/x86_64-unknown-linux-gnu:${as_lineno-$LINENO}: loading site script $ac_site_file" >&5
| $as_echo "/usr/share/site/x86_64-unknown-linux-gnu: loading site script $ac_site_file" >&6;}
| 		sed 's/^/| /' "$ac_site_file" >&5
| 		. "$ac_site_file" \
| 			|| { { $as_echo "/usr/share/site/x86_64-unknown-linux-gnu:${as_lineno-$LINENO}: error: in \`$ac_pwd':" >&5
| $as_echo "/usr/share/site/x86_64-unknown-linux-gnu: error: in \`$ac_pwd':" >&2;}
| as_fn_error $? "failed to load site script $ac_site_file
| See \`config.log' for more details" "$LINENO" 5; }
| 	fi
| done
configure:2384: checking for a BSD-compatible install
configure:2452: result: /usr/bin/install -c
configure:2463: checking whether build environment is sane
configure:2518: result: yes
configure:2669: checking for a thread-safe mkdir -p
configure:2708: result: /usr/bin/mkdir -p
configure:2715: checking for gawk
configure:2731: found /usr/bin/gawk
configure:2742: result: gawk
configure:2753: checking whether make sets $(MAKE)
configure:2775: result: yes
configure:2804: checking whether make supports nested variables
configure:2821: result: yes
configure:2906: checking whether to enable maintainer-specific portions of Makefiles
configure:2915: result: yes
configure:2977: checking for gcc
configure:2993: found /usr/bin/gcc
configure:3004: result: gcc
configure:3233: checking for C compiler version
configure:3242: gcc --version >&5
gcc (SUSE Linux) 4.8.5
Copyright (C) 2015 Free Software Foundation, Inc.
This is free software; see the source for copying conditions.  There is NO
warranty; not even for MERCHANTABILITY or FITNESS FOR A PARTICULAR PURPOSE.

configure:3253: $? = 0
configure:3242: gcc -v >&5
Using built-in specs.
COLLECT_GCC=gcc
COLLECT_LTO_WRAPPER=/usr/lib64/gcc/x86_64-suse-linux/4.8/lto-wrapper
Target: x86_64-suse-linux
Configured with: ../configure --prefix=/usr --infodir=/usr/share/info --mandir=/usr/share/man --libdir=/usr/lib64 --libexecdir=/usr/lib64 --enable-languages=c,c++,objc,fortran,obj-c++,java,ada --enable-checking=release --with-gxx-include-dir=/usr/include/c++/4.8 --enable-ssp --disable-libssp --disable-plugin --with-bugurl=http://bugs.opensuse.org/ --with-pkgversion='SUSE Linux' --disable-libgcj --disable-libmudflap --with-slibdir=/lib64 --with-system-zlib --enable-__cxa_atexit --enable-libstdcxx-allocator=new --disable-libstdcxx-pch --enable-version-specific-runtime-libs --enable-linker-build-id --enable-linux-futex --program-suffix=-4.8 --without-system-libunwind --with-arch-32=i586 --with-tune=generic --build=x86_64-suse-linux --host=x86_64-suse-linux
Thread model: posix
gcc version 4.8.5 (SUSE Linux) 
configure:3253: $? = 0
configure:3242: gcc -V >&5
gcc: error: unrecognized command line option '-V'
gcc: fatal error: no input files
compilation terminated.
configure:3253: $? = 1
configure:3242: gcc -qversion >&5
gcc: error: unrecognized command line option '-qversion'
gcc: fatal error: no input files
compilation terminated.
configure:3253: $? = 1
configure:3273: checking whether the C compiler works
configure:3295: gcc    conftest.c  >&5
configure:3299: $? = 0
configure:3347: result: yes
configure:3350: checking for C compiler default output file name
configure:3352: result: a.out
configure:3358: checking for suffix of executables
configure:3365: gcc -o conftest    conftest.c  >&5
configure:3369: $? = 0
configure:3391: result: 
configure:3413: checking whether we are cross compiling
configure:3421: gcc -o conftest    conftest.c  >&5
configure:3425: $? = 0
configure:3432: ./conftest
configure:3436: $? = 0
configure:3451: result: no
configure:3456: checking for suffix of object files
configure:3478: gcc -c   conftest.c >&5
configure:3482: $? = 0
configure:3503: result: o
configure:3507: checking whether we are using the GNU C compiler
configure:3526: gcc -c   conftest.c >&5
configure:3526: $? = 0
configure:3535: result: yes
configure:3544: checking whether gcc accepts -g
configure:3564: gcc -c -g  conftest.c >&5
configure:3564: $? = 0
configure:3605: result: yes
configure:3622: checking for gcc option to accept ISO C89
configure:3685: gcc  -c -g -O2  conftest.c >&5
configure:3685: $? = 0
configure:3698: result: none needed
configure:3729: checking for style of include used by make
configure:3757: result: GNU
configure:3783: checking dependency style of gcc
configure:3894: result: gcc3
configure:3910: checking whether gcc and cc understand -c and -o together
configure:3941: gcc -c conftest.c -o conftest2.o >&5
configure:3945: $? = 0
configure:3951: gcc -c conftest.c -o conftest2.o >&5
configure:3955: $? = 0
configure:3966: cc -c conftest.c >&5
configure:3970: $? = 0
configure:3978: cc -c conftest.c -o conftest2.o >&5
configure:3982: $? = 0
configure:3988: cc -c conftest.c -o conftest2.o >&5
configure:3992: $? = 0
configure:4010: result: yes
configure:4095: checking build system type
configure:4109: result: x86_64-suse-linux-gnu
configure:4129: checking host system type
configure:4142: result: x86_64-suse-linux-gnu
configure:4183: checking how to print strings
configure:4210: result: printf
configure:4231: checking for a sed that does not truncate output
configure:4295: result: /usr/bin/sed
configure:4313: checking for grep that handles long lines and -e
configure:4371: result: /usr/bin/grep
configure:4376: checking for egrep
configure:4438: result: /usr/bin/grep -E
configure:4443: checking for fgrep
configure:4505: result: /usr/bin/grep -F
configure:4540: checking for ld used by gcc
configure:4607: result: /usr/x86_64-suse-linux/bin/ld
configure:4614: checking if the linker (/usr/x86_64-suse-linux/bin/ld) is GNU ld
configure:4629: result: yes
configure:4641: checking for BSD- or MS-compatible name lister (nm)
configure:4690: result: /usr/bin/nm -B
configure:4820: checking the name lister (/usr/bin/nm -B) interface
configure:4827: gcc -c -g -O2  conftest.c >&5
configure:4830: /usr/bin/nm -B "conftest.o"
configure:4833: output
0000000000000000 B some_variable
configure:4840: result: BSD nm
configure:4843: checking whether ln -s works
configure:4847: result: yes
configure:4855: checking the maximum length of command line arguments
configure:4985: result: 1572864
configure:5002: checking whether the shell understands some XSI constructs
configure:5012: result: yes
configure:5016: checking whether the shell understands "+="
configure:5022: result: yes
configure:5057: checking how to convert x86_64-suse-linux-gnu file names to x86_64-suse-linux-gnu format
configure:5097: result: func_convert_file_noop
configure:5104: checking how to convert x86_64-suse-linux-gnu file names to toolchain format
configure:5124: result: func_convert_file_noop
configure:5131: checking for /usr/x86_64-suse-linux/bin/ld option to reload object files
configure:5138: result: -r
configure:5212: checking for objdump
configure:5228: found /usr/bin/objdump
configure:5239: result: objdump
configure:5271: checking how to recognize dependent libraries
configure:5473: result: pass_all
configure:5558: checking for dlltool
configure:5588: result: no
configure:5618: checking how to associate runtime and link libraries
configure:5645: result: printf %s\n
configure:5706: checking for ar
configure:5722: found /usr/bin/ar
configure:5733: result: ar
configure:5770: checking for archiver @FILE support
configure:5787: gcc -c -g -O2  conftest.c >&5
configure:5787: $? = 0
configure:5790: ar cru libconftest.a @conftest.lst >&5
configure:5793: $? = 0
configure:5798: ar cru libconftest.a @conftest.lst >&5
ar: conftest.o: No such file or directory
configure:5801: $? = 1
configure:5813: result: @
configure:5871: checking for strip
configure:5887: found /usr/bin/strip
configure:5898: result: strip
configure:5970: checking for ranlib
configure:5986: found /usr/bin/ranlib
configure:5997: result: ranlib
configure:6099: checking command to parse /usr/bin/nm -B output from gcc object
configure:6219: gcc -c -g -O2  conftest.c >&5
configure:6222: $? = 0
configure:6226: /usr/bin/nm -B conftest.o \| sed -n -e 's/^.*[ ]\([ABCDGIRSTW][ABCDGIRSTW]*\)[ ][ ]*\([_A-Za-z][_A-Za-z0-9]*\)$/\1 \2 \2/p' | sed '/ __gnu_lto/d' \> conftest.nm
configure:6229: $? = 0
configure:6295: gcc -o conftest -g -O2   conftest.c conftstm.o >&5
configure:6298: $? = 0
configure:6336: result: ok
configure:6373: checking for sysroot
configure:6403: result: no
configure:6480: gcc -c -g -O2  conftest.c >&5
configure:6483: $? = 0
configure:6665: checking for mt
configure:6681: found /usr/bin/mt
configure:6692: result: mt
configure:6715: checking if mt is a manifest tool
configure:6721: mt '-?'
configure:6729: result: no
configure:7371: checking how to run the C preprocessor
configure:7402: gcc -E  conftest.c
configure:7402: $? = 0
configure:7416: gcc -E  conftest.c
conftest.c:11:28: fatal error: ac_nonexistent.h: No such file or directory
 #include <ac_nonexistent.h>
                            ^
compilation terminated.
configure:7416: $? = 1
configure: failed program was:
| /* confdefs.h */
| #define PACKAGE_NAME "maleo"
| #define PACKAGE_TARNAME "maleo"
| #define PACKAGE_VERSION "0.1.0"
| #define PACKAGE_STRING "maleo 0.1.0"
| #define PACKAGE_BUGREPORT ""
| #define PACKAGE_URL ""
| #define PACKAGE "maleo"
| #define VERSION "0.1.0"
| /* end confdefs.h.  */
| #include <ac_nonexistent.h>
configure:7441: result: gcc -E
configure:7461: gcc -E  conftest.c
configure:7461: $? = 0
configure:7475: gcc -E  conftest.c
conftest.c:11:28: fatal error: ac_nonexistent.h: No such file or directory
 #include <ac_nonexistent.h>
                            ^
compilation terminated.
configure:7475: $? = 1
configure: failed program was:
| /* confdefs.h */
| #define PACKAGE_NAME "maleo"
| #define PACKAGE_TARNAME "maleo"
| #define PACKAGE_VERSION "0.1.0"
| #define PACKAGE_STRING "maleo 0.1.0"
| #define PACKAGE_BUGREPORT ""
| #define PACKAGE_URL ""
| #define PACKAGE "maleo"
| #define VERSION "0.1.0"
| /* end confdefs.h.  */
| #include <ac_nonexistent.h>
configure:7504: checking for ANSI C header files
configure:7524: gcc -c -g -O2  conftest.c >&5
configure:7524: $? = 0
configure:7597: gcc -o conftest -g -O2   conftest.c  >&5
configure:7597: $? = 0
configure:7597: ./conftest
configure:7597: $? = 0
configure:7608: result: yes
configure:7621: checking for sys/types.h
configure:7621: gcc -c -g -O2  conftest.c >&5
configure:7621: $? = 0
configure:7621: result: yes
configure:7621: checking for sys/stat.h
configure:7621: gcc -c -g -O2  conftest.c >&5
configure:7621: $? = 0
configure:7621: result: yes
configure:7621: checking for stdlib.h
configure:7621: gcc -c -g -O2  conftest.c >&5
configure:7621: $? = 0
configure:7621: result: yes
configure:7621: checking for string.h
configure:7621: gcc -c -g -O2  conftest.c >&5
configure:7621: $? = 0
configure:7621: result: yes
configure:7621: checking for memory.h
configure:7621: gcc -c -g -O2  conftest.c >&5
configure:7621: $? = 0
configure:7621: result: yes
configure:7621: checking for strings.h
configure:7621: gcc -c -g -O2  conftest.c >&5
configure:7621: $? = 0
configure:7621: result: yes
configure:7621: checking for inttypes.h
configure:7621: gcc -c -g -O2  conftest.c >&5
configure:7621: $? = 0
configure:7621: result: yes
configure:7621: checking for stdint.h
configure:7621: gcc -c -g -O2  conftest.c >&5
configure:7621: $? = 0
configure:7621: result: yes
configure:7621: checking for unistd.h
configure:7621: gcc -c -g -O2  conftest.c >&5
configure:7621: $? = 0
configure:7621: result: yes
configure:7635: checking for dlfcn.h
configure:7635: gcc -c -g -O2  conftest.c >&5
configure:7635: $? = 0
configure:7635: result: yes
configure:7811: checking for objdir
configure:7826: result: .libs
configure:8093: checking if gcc supports -fno-rtti -fno-exceptions
configure:8111: gcc -c -g -O2  -fno-rtti -fno-exceptions conftest.c >&5
cc1: warning: command line option '-fno-rtti' is valid for C++/ObjC++ but not for C [enabled by default]
configure:8115: $? = 0
configure:8128: result: no
configure:8455: checking for gcc option to produce PIC
configure:8462: result: -fPIC -DPIC
configure:8470: checking if gcc PIC flag -fPIC -DPIC works
configure:8488: gcc -c -g -O2  -fPIC -DPIC -DPIC conftest.c >&5
configure:8492: $? = 0
configure:8505: result: yes
configure:8534: checking if gcc static flag -static works
configure:8562: result: no
configure:8577: checking if gcc supports -c -o file.o
configure:8598: gcc -c -g -O2  -o out/conftest2.o conftest.c >&5
configure:8602: $? = 0
configure:8624: result: yes
configure:8632: checking if gcc supports -c -o file.o
configure:8679: result: yes
configure:8712: checking whether the gcc linker (/usr/x86_64-suse-linux/bin/ld -m elf_x86_64) supports shared libraries
configure:9865: result: yes
configure:9902: checking whether -lc should be explicitly linked in
configure:9910: gcc -c -g -O2  conftest.c >&5
configure:9913: $? = 0
configure:9928: gcc -shared  -fPIC -DPIC conftest.o  -v -Wl,-soname -Wl,conftest -o conftest 2\>\&1 \| /usr/bin/grep  -lc  \>/dev/null 2\>\&1
configure:9931: $? = 0
configure:9945: result: no
configure:10105: checking dynamic linker characteristics
configure:10616: gcc -o conftest -g -O2   -Wl,-rpath -Wl,/foo conftest.c  >&5
configure:10616: $? = 0
configure:10838: result: GNU/Linux ld.so
configure:10945: checking how to hardcode library paths into programs
configure:10970: result: immediate
configure:11510: checking whether stripping libraries is possible
configure:11515: result: yes
configure:11550: checking if libtool supports shared libraries
configure:11552: result: yes
configure:11555: checking whether to build shared libraries
configure:11576: result: yes
configure:11579: checking whether to build static libraries
configure:11583: result: no
configure:11623: checking for valac
configure:11641: found /usr/bin/valac
configure:11654: result: /usr/bin/valac
configure:11663: checking whether /usr/bin/valac is at least version 0.14.0
configure:11671: result: yes
configure:11703: checking locale.h usability
configure:11703: gcc -c -g -O2  conftest.c >&5
configure:11703: $? = 0
configure:11703: result: yes
configure:11703: checking locale.h presence
configure:11703: gcc -E  conftest.c
configure:11703: $? = 0
configure:11703: result: yes
configure:11703: checking for locale.h
configure:11703: result: yes
configure:11714: checking for LC_MESSAGES
configure:11730: gcc -o conftest -g -O2   conftest.c  >&5
configure:11730: $? = 0
configure:11738: result: yes
configure:11755: checking libintl.h usability
configure:11755: gcc -c -g -O2  conftest.c >&5
configure:11755: $? = 0
configure:11755: result: yes
configure:11755: checking libintl.h presence
configure:11755: gcc -E  conftest.c
configure:11755: $? = 0
configure:11755: result: yes
configure:11755: checking for libintl.h
configure:11755: result: yes
configure:11763: checking for ngettext in libc
configure:11781: gcc -o conftest -g -O2   conftest.c  >&5
configure:11781: $? = 0
configure:11790: result: yes
configure:11794: checking for dgettext in libc
configure:11812: gcc -o conftest -g -O2   conftest.c  >&5
configure:11812: $? = 0
configure:11821: result: yes
configure:11828: checking for bind_textdomain_codeset
configure:11828: gcc -o conftest -g -O2   conftest.c  >&5
configure:11828: $? = 0
configure:11828: result: yes
configure:12104: checking for msgfmt
configure:12131: result: /usr/bin/msgfmt
configure:12142: checking for dcgettext
configure:12142: gcc -o conftest -g -O2   conftest.c   >&5
conftest.c:51:6: warning: conflicting types for built-in function 'dcgettext' [enabled by default]
 char dcgettext ();
      ^
configure:12142: $? = 0
configure:12142: result: yes
configure:12152: checking if msgfmt accepts -c
configure:12167: $MSGFMT -c -o /dev/null conftest.foo
conftest.foo:3: warning: header field 'Language' missing in header
configure:12170: $? = 0
configure:12172: result: yes
configure:12182: checking for gmsgfmt
configure:12213: result: /usr/bin/msgfmt
configure:12223: checking for xgettext
configure:12250: result: /usr/bin/xgettext
configure:12269: gcc -o conftest -g -O2   conftest.c   >&5
configure:12269: $? = 0
configure:12409: checking whether NLS is requested
configure:12418: result: yes
configure:12436: checking for intltool >= 0.35.0
configure:12438: result: 0.50.2 found
configure:12446: checking for intltool-update
configure:12464: found /usr/bin/intltool-update
configure:12476: result: /usr/bin/intltool-update
configure:12486: checking for intltool-merge
configure:12504: found /usr/bin/intltool-merge
configure:12516: result: /usr/bin/intltool-merge
configure:12526: checking for intltool-extract
configure:12544: found /usr/bin/intltool-extract
configure:12556: result: /usr/bin/intltool-extract
configure:12710: checking for xgettext
configure:12740: result: /usr/bin/xgettext
configure:12750: checking for msgmerge
configure:12768: found /usr/bin/msgmerge
configure:12780: result: /usr/bin/msgmerge
configure:12790: checking for msgfmt
configure:12820: result: /usr/bin/msgfmt
configure:12830: checking for gmsgfmt
configure:12861: result: /usr/bin/msgfmt
configure:12881: checking for perl
configure:12899: found /usr/bin/perl
configure:12911: result: /usr/bin/perl
configure:12922: checking for perl >= 5.8.1
configure:12929: result: 5.18.2
configure:12933: checking for XML::Parser
configure:12936: result: ok
configure:13053: checking for pkg-config
configure:13071: found /usr/bin/pkg-config
configure:13083: result: /usr/bin/pkg-config
configure:13108: checking pkg-config is at least version 0.9.0
configure:13111: result: yes
configure:13121: checking for maleo
configure:13128: $PKG_CONFIG --exists --print-errors "glib-2.0 >= $GLIB_REQUIRED gtk+-3.0 >= $GTK_REQUIRED webkitgtk-3.0 >= $WEBKIT_REQUIRED seed >= $SEED_REQUIRED libxml-2.0 >= $LIBXML_REQUIRED"
configure:13131: $? = 0
configure:13145: $PKG_CONFIG --exists --print-errors "glib-2.0 >= $GLIB_REQUIRED gtk+-3.0 >= $GTK_REQUIRED webkitgtk-3.0 >= $WEBKIT_REQUIRED seed >= $SEED_REQUIRED libxml-2.0 >= $LIBXML_REQUIRED"
configure:13148: $? = 0
configure:13206: result: yes
configure:13213: checking whether ln -s works
configure:13217: result: yes
configure:13343: checking that generated files are newer than configure
configure:13349: result: done
configure:13380: creating ./config.status

## ---------------------- ##
## Running config.status. ##
## ---------------------- ##

This file was extended by maleo config.status 0.1.0, which was
generated by GNU Autoconf 2.69.  Invocation command line was

  CONFIG_FILES    = 
  CONFIG_HEADERS  = 
  CONFIG_LINKS    = 
  CONFIG_COMMANDS = 
  $ ./config.status 

on bunglon

config.status:1176: creating Makefile
config.status:1176: creating src/Makefile
config.status:1176: creating po/Makefile.in
config.status:1176: creating config.h
config.status:1405: executing depfiles commands
config.status:1405: executing libtool commands
config.status:1405: executing default-1 commands
config.status:1405: executing po/stamp-it commands

## ---------------- ##
## Cache variables. ##
## ---------------- ##

ac_cv_build=x86_64-suse-linux-gnu
ac_cv_c_compiler_gnu=yes
ac_cv_env_CC_set=
ac_cv_env_CC_value=
ac_cv_env_CFLAGS_set=
ac_cv_env_CFLAGS_value=
ac_cv_env_CPPFLAGS_set=
ac_cv_env_CPPFLAGS_value=
ac_cv_env_CPP_set=
ac_cv_env_CPP_value=
ac_cv_env_LDFLAGS_set=
ac_cv_env_LDFLAGS_value=
ac_cv_env_LIBS_set=
ac_cv_env_LIBS_value=
ac_cv_env_PKG_CONFIG_LIBDIR_set=
ac_cv_env_PKG_CONFIG_LIBDIR_value=
ac_cv_env_PKG_CONFIG_PATH_set=
ac_cv_env_PKG_CONFIG_PATH_value=
ac_cv_env_PKG_CONFIG_set=
ac_cv_env_PKG_CONFIG_value=
ac_cv_env_build_alias_set=
ac_cv_env_build_alias_value=
ac_cv_env_host_alias_set=
ac_cv_env_host_alias_value=
ac_cv_env_maleo_CFLAGS_set=
ac_cv_env_maleo_CFLAGS_value=
ac_cv_env_maleo_LIBS_set=
ac_cv_env_maleo_LIBS_value=
ac_cv_env_target_alias_set=
ac_cv_env_target_alias_value=
ac_cv_func_bind_textdomain_codeset=yes
ac_cv_func_dcgettext=yes
ac_cv_header_dlfcn_h=yes
ac_cv_header_inttypes_h=yes
ac_cv_header_libintl_h=yes
ac_cv_header_locale_h=yes
ac_cv_header_memory_h=yes
ac_cv_header_stdc=yes
ac_cv_header_stdint_h=yes
ac_cv_header_stdlib_h=yes
ac_cv_header_string_h=yes
ac_cv_header_strings_h=yes
ac_cv_header_sys_stat_h=yes
ac_cv_header_sys_types_h=yes
ac_cv_header_unistd_h=yes
ac_cv_host=x86_64-suse-linux-gnu
ac_cv_objext=o
ac_cv_path_EGREP='/usr/bin/grep -E'
ac_cv_path_FGREP='/usr/bin/grep -F'
ac_cv_path_GMSGFMT=/usr/bin/msgfmt
ac_cv_path_GREP=/usr/bin/grep
ac_cv_path_INTLTOOL_EXTRACT=/usr/bin/intltool-extract
ac_cv_path_INTLTOOL_MERGE=/usr/bin/intltool-merge
ac_cv_path_INTLTOOL_PERL=/usr/bin/perl
ac_cv_path_INTLTOOL_UPDATE=/usr/bin/intltool-update
ac_cv_path_MSGFMT=/usr/bin/msgfmt
ac_cv_path_MSGMERGE=/usr/bin/msgmerge
ac_cv_path_SED=/usr/bin/sed
ac_cv_path_VALAC=/usr/bin/valac
ac_cv_path_XGETTEXT=/usr/bin/xgettext
ac_cv_path_ac_pt_PKG_CONFIG=/usr/bin/pkg-config
ac_cv_path_install='/usr/bin/install -c'
ac_cv_path_mkdir=/usr/bin/mkdir
ac_cv_prog_AWK=gawk
ac_cv_prog_CPP='gcc -E'
ac_cv_prog_ac_ct_AR=ar
ac_cv_prog_ac_ct_CC=gcc
ac_cv_prog_ac_ct_MANIFEST_TOOL=mt
ac_cv_prog_ac_ct_OBJDUMP=objdump
ac_cv_prog_ac_ct_RANLIB=ranlib
ac_cv_prog_ac_ct_STRIP=strip
ac_cv_prog_cc_c89=
ac_cv_prog_cc_g=yes
ac_cv_prog_cc_gcc_c_o=yes
ac_cv_prog_make_make_set=yes
am_cv_CC_dependencies_compiler_type=gcc3
am_cv_make_support_nested_variables=yes
am_cv_val_LC_MESSAGES=yes
gt_cv_func_dgettext_libc=yes
gt_cv_func_dgettext_libintl=no
gt_cv_func_ngettext_libc=yes
gt_cv_have_gettext=yes
lt_cv_ar_at_file=@
lt_cv_archive_cmds_need_lc=no
lt_cv_deplibs_check_method=pass_all
lt_cv_file_magic_cmd='$MAGIC_CMD'
lt_cv_file_magic_test_file=
lt_cv_ld_reload_flag=-r
lt_cv_nm_interface='BSD nm'
lt_cv_objdir=.libs
lt_cv_path_LD=/usr/x86_64-suse-linux/bin/ld
lt_cv_path_NM='/usr/bin/nm -B'
lt_cv_path_mainfest_tool=no
lt_cv_prog_compiler_c_o=yes
lt_cv_prog_compiler_pic='-fPIC -DPIC'
lt_cv_prog_compiler_pic_works=yes
lt_cv_prog_compiler_rtti_exceptions=no
lt_cv_prog_compiler_static_works=no
lt_cv_prog_gnu_ld=yes
lt_cv_sharedlib_from_linklib_cmd='printf %s\n'
lt_cv_shlibpath_overrides_runpath=yes
lt_cv_sys_global_symbol_pipe='sed -n -e '\''s/^.*[	 ]\([ABCDGIRSTW][ABCDGIRSTW]*\)[	 ][	 ]*\([_A-Za-z][_A-Za-z0-9]*\)$/\1 \2 \2/p'\'' | sed '\''/ __gnu_lto/d'\'''
lt_cv_sys_global_symbol_to_c_name_address='sed -n -e '\''s/^: \([^ ]*\)[ ]*$/  {\"\1\", (void *) 0},/p'\'' -e '\''s/^[ABCDGIRSTW]* \([^ ]*\) \([^ ]*\)$/  {"\2", (void *) \&\2},/p'\'''
lt_cv_sys_global_symbol_to_c_name_address_lib_prefix='sed -n -e '\''s/^: \([^ ]*\)[ ]*$/  {\"\1\", (void *) 0},/p'\'' -e '\''s/^[ABCDGIRSTW]* \([^ ]*\) \(lib[^ ]*\)$/  {"\2", (void *) \&\2},/p'\'' -e '\''s/^[ABCDGIRSTW]* \([^ ]*\) \([^ ]*\)$/  {"lib\2", (void *) \&\2},/p'\'''
lt_cv_sys_global_symbol_to_cdecl='sed -n -e '\''s/^T .* \(.*\)$/extern int \1();/p'\'' -e '\''s/^[ABCDGIRSTW]* .* \(.*\)$/extern char \1;/p'\'''
lt_cv_sys_max_cmd_len=1572864
lt_cv_to_host_file_cmd=func_convert_file_noop
lt_cv_to_tool_file_cmd=func_convert_file_noop
pkg_cv_maleo_CFLAGS='-pthread -I/usr/local/include/seed-gtk3 -I/usr/include/webkitgtk-3.0 -I/usr/include/gtk-3.0 -I/usr/include/at-spi2-atk/2.0 -I/usr/include/at-spi-2.0 -I/usr/include/dbus-1.0 -I/usr/lib64/dbus-1.0/include -I/usr/include/gtk-3.0 -I/usr/include/gio-unix-2.0/ -I/usr/include/cairo -I/usr/include/pango-1.0 -I/usr/include/harfbuzz -I/usr/include/pango-1.0 -I/usr/include/atk-1.0 -I/usr/include/cairo -I/usr/include/pixman-1 -I/usr/include/freetype2 -I/usr/include/libdrm -I/usr/include/libpng16 -I/usr/include/gdk-pixbuf-2.0 -I/usr/include/libpng16 -I/usr/include/libsoup-2.4 -I/usr/include/webkitgtk-3.0 -I/usr/include/webkitgtk-4.0 -I/usr/include/gobject-introspection-1.0 -I/usr/include/glib-2.0 -I/usr/lib64/glib-2.0/include -I/usr/include/libxml2 '
pkg_cv_maleo_LIBS='-L/usr/local/lib64 -lwebkitgtk-3.0 -lgtk-3 -lgdk-3 -lpangocairo-1.0 -lpango-1.0 -latk-1.0 -lcairo-gobject -lcairo -lgdk_pixbuf-2.0 -lsoup-2.4 -lgio-2.0 -ljavascriptcoregtk-3.0 -lseed-gtk3 -ljavascriptcoregtk-4.0 -lgirepository-1.0 -lgobject-2.0 -Wl,--export-dynamic -lgmodule-2.0 -pthread -lgthread-2.0 -pthread -lglib-2.0 -lxml2 '

## ----------------- ##
## Output variables. ##
## ----------------- ##

ACLOCAL='${SHELL} /home/hahn/Dokumen/project/blankon/maleo/missing aclocal-1.13'
ALL_LINGUAS=''
AMDEPBACKSLASH='\'
AMDEP_FALSE='#'
AMDEP_TRUE=''
AMTAR='$${TAR-tar}'
AM_BACKSLASH='\'
AM_DEFAULT_V='$(AM_DEFAULT_VERBOSITY)'
AM_DEFAULT_VERBOSITY='1'
AM_V='$(V)'
AR='ar'
AUTOCONF='${SHELL} /home/hahn/Dokumen/project/blankon/maleo/missing autoconf'
AUTOHEADER='${SHELL} /home/hahn/Dokumen/project/blankon/maleo/missing autoheader'
AUTOMAKE='${SHELL} /home/hahn/Dokumen/project/blankon/maleo/missing automake-1.13'
AWK='gawk'
CATALOGS=''
CATOBJEXT='.gmo'
CC='gcc'
CCDEPMODE='depmode=gcc3'
CFLAGS='-g -O2'
CPP='gcc -E'
CPPFLAGS=''
CYGPATH_W='echo'
DATADIRNAME='share'
DEFS='-DHAVE_CONFIG_H'
DEPDIR='.deps'
DLLTOOL='false'
DSYMUTIL=''
DUMPBIN=''
ECHO_C=''
ECHO_N='-n'
ECHO_T=''
EGREP='/usr/bin/grep -E'
EXEEXT=''
FGREP='/usr/bin/grep -F'
GETTEXT_PACKAGE='maleo'
GMOFILES=''
GMSGFMT='/usr/bin/msgfmt'
GREP='/usr/bin/grep'
INSTALL_DATA='${INSTALL} -m 644'
INSTALL_PROGRAM='${INSTALL}'
INSTALL_SCRIPT='${INSTALL}'
INSTALL_STRIP_PROGRAM='$(install_sh) -c -s'
INSTOBJEXT='.mo'
INTLLIBS=''
INTLTOOL_CAVES_RULE='%.caves:     %.caves.in     $(INTLTOOL_MERGE) $(wildcard $(top_srcdir)/po/*.po) ; $(INTLTOOL_V_MERGE)LC_ALL=C $(INTLTOOL_MERGE) $(INTLTOOL_V_MERGE_OPTIONS) -d -u -c $(top_builddir)/po/.intltool-merge-cache $(top_srcdir)/po $< $@'
INTLTOOL_DESKTOP_RULE='%.desktop:   %.desktop.in   $(INTLTOOL_MERGE) $(wildcard $(top_srcdir)/po/*.po) ; $(INTLTOOL_V_MERGE)LC_ALL=C $(INTLTOOL_MERGE) $(INTLTOOL_V_MERGE_OPTIONS) -d -u -c $(top_builddir)/po/.intltool-merge-cache $(top_srcdir)/po $< $@'
INTLTOOL_DIRECTORY_RULE='%.directory: %.directory.in $(INTLTOOL_MERGE) $(wildcard $(top_srcdir)/po/*.po) ; $(INTLTOOL_V_MERGE)LC_ALL=C $(INTLTOOL_MERGE) $(INTLTOOL_V_MERGE_OPTIONS) -d -u -c $(top_builddir)/po/.intltool-merge-cache $(top_srcdir)/po $< $@'
INTLTOOL_EXTRACT='/usr/bin/intltool-extract'
INTLTOOL_KBD_RULE='%.kbd:       %.kbd.in       $(INTLTOOL_MERGE) $(wildcard $(top_srcdir)/po/*.po) ; $(INTLTOOL_V_MERGE)LC_ALL=C $(INTLTOOL_MERGE) $(INTLTOOL_V_MERGE_OPTIONS) -x -u -m -c $(top_builddir)/po/.intltool-merge-cache $(top_srcdir)/po $< $@'
INTLTOOL_KEYS_RULE='%.keys:      %.keys.in      $(INTLTOOL_MERGE) $(wildcard $(top_srcdir)/po/*.po) ; $(INTLTOOL_V_MERGE)LC_ALL=C $(INTLTOOL_MERGE) $(INTLTOOL_V_MERGE_OPTIONS) -k -u -c $(top_builddir)/po/.intltool-merge-cache $(top_srcdir)/po $< $@'
INTLTOOL_MERGE='/usr/bin/intltool-merge'
INTLTOOL_OAF_RULE='%.oaf:       %.oaf.in       $(INTLTOOL_MERGE) $(wildcard $(top_srcdir)/po/*.po) ; $(INTLTOOL_V_MERGE)LC_ALL=C $(INTLTOOL_MERGE) $(INTLTOOL_V_MERGE_OPTIONS) -o -p $(top_srcdir)/po $< $@'
INTLTOOL_PERL='/usr/bin/perl'
INTLTOOL_POLICY_RULE='%.policy:    %.policy.in    $(INTLTOOL_MERGE) $(wildcard $(top_srcdir)/po/*.po) ; $(INTLTOOL_V_MERGE)LC_ALL=C $(INTLTOOL_MERGE) $(INTLTOOL_V_MERGE_OPTIONS) -x -u -c $(top_builddir)/po/.intltool-merge-cache $(top_srcdir)/po $< $@'
INTLTOOL_PONG_RULE='%.pong:      %.pong.in      $(INTLTOOL_MERGE) $(wildcard $(top_srcdir)/po/*.po) ; $(INTLTOOL_V_MERGE)LC_ALL=C $(INTLTOOL_MERGE) $(INTLTOOL_V_MERGE_OPTIONS) -x -u -c $(top_builddir)/po/.intltool-merge-cache $(top_srcdir)/po $< $@'
INTLTOOL_PROP_RULE='%.prop:      %.prop.in      $(INTLTOOL_MERGE) $(wildcard $(top_srcdir)/po/*.po) ; $(INTLTOOL_V_MERGE)LC_ALL=C $(INTLTOOL_MERGE) $(INTLTOOL_V_MERGE_OPTIONS) -d -u -c $(top_builddir)/po/.intltool-merge-cache $(top_srcdir)/po $< $@'
INTLTOOL_SCHEMAS_RULE='%.schemas:   %.schemas.in   $(INTLTOOL_MERGE) $(wildcard $(top_srcdir)/po/*.po) ; $(INTLTOOL_V_MERGE)LC_ALL=C $(INTLTOOL_MERGE) $(INTLTOOL_V_MERGE_OPTIONS) -s -u -c $(top_builddir)/po/.intltool-merge-cache $(top_srcdir)/po $< $@'
INTLTOOL_SERVER_RULE='%.server:    %.server.in    $(INTLTOOL_MERGE) $(wildcard $(top_srcdir)/po/*.po) ; $(INTLTOOL_V_MERGE)LC_ALL=C $(INTLTOOL_MERGE) $(INTLTOOL_V_MERGE_OPTIONS) -o -u -c $(top_builddir)/po/.intltool-merge-cache $(top_srcdir)/po $< $@'
INTLTOOL_SERVICE_RULE='%.service: %.service.in   $(INTLTOOL_MERGE) $(wildcard $(top_srcdir)/po/*.po) ; $(INTLTOOL_V_MERGE)LC_ALL=C $(INTLTOOL_MERGE) $(INTLTOOL_V_MERGE_OPTIONS) -d -u -c $(top_builddir)/po/.intltool-merge-cache $(top_srcdir)/po $< $@'
INTLTOOL_SHEET_RULE='%.sheet:     %.sheet.in     $(INTLTOOL_MERGE) $(wildcard $(top_srcdir)/po/*.po) ; $(INTLTOOL_V_MERGE)LC_ALL=C $(INTLTOOL_MERGE) $(INTLTOOL_V_MERGE_OPTIONS) -x -u -c $(top_builddir)/po/.intltool-merge-cache $(top_srcdir)/po $< $@'
INTLTOOL_SOUNDLIST_RULE='%.soundlist: %.soundlist.in $(INTLTOOL_MERGE) $(wildcard $(top_srcdir)/po/*.po) ; $(INTLTOOL_V_MERGE)LC_ALL=C $(INTLTOOL_MERGE) $(INTLTOOL_V_MERGE_OPTIONS) -d -u -c $(top_builddir)/po/.intltool-merge-cache $(top_srcdir)/po $< $@'
INTLTOOL_THEME_RULE='%.theme:     %.theme.in     $(INTLTOOL_MERGE) $(wildcard $(top_srcdir)/po/*.po) ; $(INTLTOOL_V_MERGE)LC_ALL=C $(INTLTOOL_MERGE) $(INTLTOOL_V_MERGE_OPTIONS) -d -u -c $(top_builddir)/po/.intltool-merge-cache $(top_srcdir)/po $< $@'
INTLTOOL_UI_RULE='%.ui:        %.ui.in        $(INTLTOOL_MERGE) $(wildcard $(top_srcdir)/po/*.po) ; $(INTLTOOL_V_MERGE)LC_ALL=C $(INTLTOOL_MERGE) $(INTLTOOL_V_MERGE_OPTIONS) -x -u -c $(top_builddir)/po/.intltool-merge-cache $(top_srcdir)/po $< $@'
INTLTOOL_UPDATE='/usr/bin/intltool-update'
INTLTOOL_V_MERGE='$(INTLTOOL__v_MERGE_$(V))'
INTLTOOL_V_MERGE_OPTIONS='$(intltool__v_merge_options_$(V))'
INTLTOOL_XAM_RULE='%.xam:       %.xml.in       $(INTLTOOL_MERGE) $(wildcard $(top_srcdir)/po/*.po) ; $(INTLTOOL_V_MERGE)LC_ALL=C $(INTLTOOL_MERGE) $(INTLTOOL_V_MERGE_OPTIONS) -x -u -c $(top_builddir)/po/.intltool-merge-cache $(top_srcdir)/po $< $@'
INTLTOOL_XML_NOMERGE_RULE='%.xml:       %.xml.in       $(INTLTOOL_MERGE) ; $(INTLTOOL_V_MERGE)LC_ALL=C $(INTLTOOL_MERGE) $(INTLTOOL_V_MERGE_OPTIONS) -x -u --no-translations $< $@'
INTLTOOL_XML_RULE='%.xml:       %.xml.in       $(INTLTOOL_MERGE) $(wildcard $(top_srcdir)/po/*.po) ; $(INTLTOOL_V_MERGE)LC_ALL=C $(INTLTOOL_MERGE) $(INTLTOOL_V_MERGE_OPTIONS) -x -u -c $(top_builddir)/po/.intltool-merge-cache $(top_srcdir)/po $< $@'
INTLTOOL__v_MERGE_0='@echo "  ITMRG " $@;'
INTLTOOL__v_MERGE_='$(INTLTOOL__v_MERGE_$(AM_DEFAULT_VERBOSITY))'
LD='/usr/x86_64-suse-linux/bin/ld -m elf_x86_64'
LDFLAGS=''
LIBOBJS=''
LIBS=''
LIBTOOL='$(SHELL) $(top_builddir)/libtool'
LIPO=''
LN_S='ln -s'
LTLIBOBJS=''
MAINT=''
MAINTAINER_MODE_FALSE='#'
MAINTAINER_MODE_TRUE=''
MAKEINFO='${SHELL} /home/hahn/Dokumen/project/blankon/maleo/missing makeinfo'
MANIFEST_TOOL=':'
MKDIR_P='/usr/bin/mkdir -p'
MKINSTALLDIRS='./mkinstalldirs'
MSGFMT='/usr/bin/msgfmt'
MSGFMT_OPTS='-c'
MSGMERGE='/usr/bin/msgmerge'
NM='/usr/bin/nm -B'
NMEDIT=''
OBJDUMP='objdump'
OBJEXT='o'
OTOOL64=''
OTOOL=''
PACKAGE='maleo'
PACKAGE_BUGREPORT=''
PACKAGE_NAME='maleo'
PACKAGE_STRING='maleo 0.1.0'
PACKAGE_TARNAME='maleo'
PACKAGE_URL=''
PACKAGE_VERSION='0.1.0'
PATH_SEPARATOR=':'
PKG_CONFIG='/usr/bin/pkg-config'
PKG_CONFIG_LIBDIR=''
PKG_CONFIG_PATH=''
POFILES=''
POSUB='po'
PO_IN_DATADIR_FALSE=''
PO_IN_DATADIR_TRUE=''
RANLIB='ranlib'
SED='/usr/bin/sed'
SET_MAKE=''
SHELL='/bin/sh'
STRIP='strip'
USE_NLS='yes'
VALAC='/usr/bin/valac'
VALA_PACKAGES='--pkg gdk-x11-3.0 --pkg gtk+-3.0 --pkg webkitgtk-3.0 --pkg seed --pkg javascriptcore --pkg libxml-2.0'
VERSION='0.1.0'
XGETTEXT='/usr/bin/xgettext'
ac_ct_AR='ar'
ac_ct_CC='gcc'
ac_ct_DUMPBIN=''
am__EXEEXT_FALSE=''
am__EXEEXT_TRUE='#'
am__fastdepCC_FALSE='#'
am__fastdepCC_TRUE=''
am__include='include'
am__isrc=''
am__leading_dot='.'
am__nodep='_no'
am__quote=''
am__tar='$${TAR-tar} chof - "$$tardir"'
am__untar='$${TAR-tar} xf -'
bindir='${exec_prefix}/bin'
build='x86_64-suse-linux-gnu'
build_alias=''
build_cpu='x86_64'
build_os='linux-gnu'
build_vendor='suse'
datadir='${datarootdir}'
datarootdir='${prefix}/share'
docdir='${datarootdir}/doc/${PACKAGE_TARNAME}'
dvidir='${docdir}'
exec_prefix='${prefix}'
host='x86_64-suse-linux-gnu'
host_alias=''
host_cpu='x86_64'
host_os='linux-gnu'
host_vendor='suse'
htmldir='${docdir}'
includedir='${prefix}/include'
infodir='${datarootdir}/info'
install_sh='${SHELL} /home/hahn/Dokumen/project/blankon/maleo/install-sh'
intltool__v_merge_options_0='-q'
intltool__v_merge_options_='$(intltool__v_merge_options_$(AM_DEFAULT_VERBOSITY))'
libdir='${exec_prefix}/lib64'
libexecdir='${exec_prefix}/lib'
localedir='${datarootdir}/locale'
localstatedir='${prefix}/var'
maleo_CFLAGS='-pthread -I/usr/local/include/seed-gtk3 -I/usr/include/webkitgtk-3.0 -I/usr/include/gtk-3.0 -I/usr/include/at-spi2-atk/2.0 -I/usr/include/at-spi-2.0 -I/usr/include/dbus-1.0 -I/usr/lib64/dbus-1.0/include -I/usr/include/gtk-3.0 -I/usr/include/gio-unix-2.0/ -I/usr/include/cairo -I/usr/include/pango-1.0 -I/usr/include/harfbuzz -I/usr/include/pango-1.0 -I/usr/include/atk-1.0 -I/usr/include/cairo -I/usr/include/pixman-1 -I/usr/include/freetype2 -I/usr/include/libdrm -I/usr/include/libpng16 -I/usr/include/gdk-pixbuf-2.0 -I/usr/include/libpng16 -I/usr/include/libsoup-2.4 -I/usr/include/webkitgtk-3.0 -I/usr/include/webkitgtk-4.0 -I/usr/include/gobject-introspection-1.0 -I/usr/include/glib-2.0 -I/usr/lib64/glib-2.0/include -I/usr/include/libxml2 '
maleo_LIBS='-L/usr/local/lib64 -lwebkitgtk-3.0 -lgtk-3 -lgdk-3 -lpangocairo-1.0 -lpango-1.0 -latk-1.0 -lcairo-gobject -lcairo -lgdk_pixbuf-2.0 -lsoup-2.4 -lgio-2.0 -ljavascriptcoregtk-3.0 -lseed-gtk3 -ljavascriptcoregtk-4.0 -lgirepository-1.0 -lgobject-2.0 -Wl,--export-dynamic -lgmodule-2.0 -pthread -lgthread-2.0 -pthread -lglib-2.0 -lxml2 '
mandir='${datarootdir}/man'
mkdir_p='$(MKDIR_P)'
oldincludedir='/usr/include'
pdfdir='${docdir}'
prefix='/usr'
program_transform_name='s,x,x,'
psdir='${docdir}'
sbindir='${exec_prefix}/sbin'
sharedstatedir='${prefix}/com'
sysconfdir='${prefix}/etc'
target_alias=''

## ----------- ##
## confdefs.h. ##
## ----------- ##

/* confdefs.h */
#define PACKAGE_NAME "maleo"
#define PACKAGE_TARNAME "maleo"
#define PACKAGE_VERSION "0.1.0"
#define PACKAGE_STRING "maleo 0.1.0"
#define PACKAGE_BUGREPORT ""
#define PACKAGE_URL ""
#define PACKAGE "maleo"
#define VERSION "0.1.0"
#define STDC_HEADERS 1
#define HAVE_SYS_TYPES_H 1
#define HAVE_SYS_STAT_H 1
#define HAVE_STDLIB_H 1
#define HAVE_STRING_H 1
#define HAVE_MEMORY_H 1
#define HAVE_STRINGS_H 1
#define HAVE_INTTYPES_H 1
#define HAVE_STDINT_H 1
#define HAVE_UNISTD_H 1
#define HAVE_DLFCN_H 1
#define LT_OBJDIR ".libs/"
#define GETTEXT_PACKAGE "maleo"
#define HAVE_LOCALE_H 1
#define HAVE_LC_MESSAGES 1
#define HAVE_BIND_TEXTDOMAIN_CODESET 1
#define HAVE_GETTEXT 1
#define HAVE_DCGETTEXT 1
#define ENABLE_NLS 1

configure: exit 0
